# JRE version: OpenJDK Runtime Environment (11.0.10) (build 11.0.10+0-b96-7249189)
# Java VM: OpenJDK 64-Bit Server VM (11.0.10+0-b96-7249189, mixed mode, tiered, compressed oops, g1 gc, windows-amd64)
Heap:
 garbage-first heap   total 538624K, used 182272K [0x0000000080000000, 0x0000000100000000)
  region size 1024K, 15 young (15360K), 15 survivors (15360K)
 Metaspace       used 133673K, capacity 137707K, committed 138060K, reserved 1169408K
  class space    used 16349K, capacity 17869K, committed 17996K, reserved 1048576K
GC Heap History (20 events):
Event: 19418.571 GC heap after
{Heap after GC invocations=76 (full 0):
 garbage-first heap   total 265216K, used 99676K [0x0000000080000000, 0x0000000100000000)
  region size 1024K, 2 young (2048K), 2 survivors (2048K)
 Metaspace       used 131131K, capacity 135080K, committed 135244K, reserved 1167360K
  class space    used 16154K, capacity 17613K, committed 17740K, reserved 1048576K
}
Event: 19418.830 GC heap before
{Heap before GC invocations=76 (full 0):
 garbage-first heap   total 265216K, used 162140K [0x0000000080000000, 0x0000000100000000)
  region size 1024K, 64 young (65536K), 2 survivors (2048K)
 Metaspace       used 131213K, capacity 135117K, committed 135244K, reserved 1167360K
  class space    used 16169K, capacity 17625K, committed 17740K, reserved 1048576K
}
Event: 19418.835 GC heap after
{Heap after GC invocations=77 (full 0):
 garbage-first heap   total 265216K, used 99980K [0x0000000080000000, 0x0000000100000000)
  region size 1024K, 2 young (2048K), 2 survivors (2048K)
 Metaspace       used 131213K, capacity 135117K, committed 135244K, reserved 1167360K
  class space    used 16169K, capacity 17625K, committed 17740K, reserved 1048576K
}
Event: 19419.239 GC heap before
{Heap before GC invocations=78 (full 0):
 garbage-first heap   total 265216K, used 213644K [0x0000000080000000, 0x0000000100000000)
  region size 1024K, 108 young (110592K), 2 survivors (2048K)
 Metaspace       used 131881K, capacity 135870K, committed 136140K, reserved 1167360K
  class space    used 16263K, capacity 17785K, committed 17868K, reserved 1048576K
}
Event: 19419.243 GC heap after
{Heap after GC invocations=79 (full 0):
 garbage-first heap   total 265216K, used 102890K [0x0000000080000000, 0x0000000100000000)
  region size 1024K, 3 young (3072K), 3 survivors (3072K)
 Metaspace       used 131881K, capacity 135870K, committed 136140K, reserved 1167360K
  class space    used 16263K, capacity 17785K, committed 17868K, reserved 1048576K
}
Event: 19419.253 GC heap before
{Heap before GC invocations=79 (full 0):
 garbage-first heap   total 265216K, used 112106K [0x0000000080000000, 0x0000000100000000)
  region size 1024K, 12 young (12288K), 3 survivors (3072K)
 Metaspace       used 131881K, capacity 135870K, committed 136140K, reserved 1167360K
  class space    used 16263K, capacity 17785K, committed 17868K, reserved 1048576K
}
Event: 19419.257 GC heap after
{Heap after GC invocations=80 (full 0):
 garbage-first heap   total 265216K, used 102533K [0x0000000080000000, 0x0000000100000000)
  region size 1024K, 2 young (2048K), 2 survivors (2048K)
 Metaspace       used 131881K, capacity 135870K, committed 136140K, reserved 1167360K
  class space    used 16263K, capacity 17785K, committed 17868K, reserved 1048576K
}
Event: 19419.429 GC heap before
{Heap before GC invocations=80 (full 0):
 garbage-first heap   total 265216K, used 211077K [0x0000000080000000, 0x0000000100000000)
  region size 1024K, 109 young (111616K), 2 survivors (2048K)
 Metaspace       used 132083K, capacity 136084K, committed 136396K, reserved 1167360K
  class space    used 16276K, capacity 17790K, committed 17868K, reserved 1048576K
}
Event: 19419.447 GC heap after
{Heap after GC invocations=81 (full 0):
 garbage-first heap   total 265216K, used 121979K [0x0000000080000000, 0x0000000100000000)
  region size 1024K, 14 young (14336K), 14 survivors (14336K)
 Metaspace       used 132083K, capacity 136084K, committed 136396K, reserved 1167360K
  class space    used 16276K, capacity 17790K, committed 17868K, reserved 1048576K
}
Event: 19419.813 GC heap before
{Heap before GC invocations=82 (full 0):
 garbage-first heap   total 265216K, used 210043K [0x0000000080000000, 0x0000000100000000)
  region size 1024K, 101 young (103424K), 14 survivors (14336K)
 Metaspace       used 132287K, capacity 136254K, committed 136396K, reserved 1167360K
  class space    used 16294K, capacity 17801K, committed 17868K, reserved 1048576K
}
Event: 19419.834 GC heap after
{Heap after GC invocations=83 (full 0):
 garbage-first heap   total 265216K, used 134476K [0x0000000080000000, 0x0000000100000000)
  region size 1024K, 13 young (13312K), 13 survivors (13312K)
 Metaspace       used 132287K, capacity 136254K, committed 136396K, reserved 1167360K
  class space    used 16294K, capacity 17801K, committed 17868K, reserved 1048576K
}
Event: 19419.842 GC heap before
{Heap before GC invocations=83 (full 0):
 garbage-first heap   total 265216K, used 135500K [0x0000000080000000, 0x0000000100000000)
  region size 1024K, 14 young (14336K), 13 survivors (13312K)
 Metaspace       used 132306K, capacity 136321K, committed 136396K, reserved 1167360K
  class space    used 16295K, capacity 17802K, committed 17868K, reserved 1048576K
}
Event: 19419.856 GC heap after
{Heap after GC invocations=84 (full 0):
 garbage-first heap   total 378880K, used 136310K [0x0000000080000000, 0x0000000100000000)
  region size 1024K, 2 young (2048K), 2 survivors (2048K)
 Metaspace       used 132306K, capacity 136321K, committed 136396K, reserved 1167360K
  class space    used 16295K, capacity 17802K, committed 17868K, reserved 1048576K
}
Event: 19420.415 GC heap before
{Heap before GC invocations=84 (full 0):
 garbage-first heap   total 378880K, used 259190K [0x0000000080000000, 0x0000000100000000)
  region size 1024K, 123 young (125952K), 2 survivors (2048K)
 Metaspace       used 133143K, capacity 137137K, committed 137164K, reserved 1169408K
  class space    used 16337K, capacity 17856K, committed 17868K, reserved 1048576K
}
Event: 19420.429 GC heap after
{Heap after GC invocations=85 (full 0):
 garbage-first heap   total 378880K, used 146132K [0x0000000080000000, 0x0000000100000000)
  region size 1024K, 12 young (12288K), 12 survivors (12288K)
 Metaspace       used 133143K, capacity 137137K, committed 137164K, reserved 1169408K
  class space    used 16337K, capacity 17856K, committed 17868K, reserved 1048576K
}
Event: 19420.972 GC heap before
{Heap before GC invocations=86 (full 0):
 garbage-first heap   total 378880K, used 270036K [0x0000000080000000, 0x0000000100000000)
  region size 1024K, 134 young (137216K), 12 survivors (12288K)
 Metaspace       used 133444K, capacity 137428K, committed 137676K, reserved 1169408K
  class space    used 16343K, capacity 17864K, committed 17868K, reserved 1048576K
}
Event: 19420.988 GC heap after
{Heap after GC invocations=87 (full 0):
 garbage-first heap   total 378880K, used 154940K [0x0000000080000000, 0x0000000100000000)
  region size 1024K, 9 young (9216K), 9 survivors (9216K)
 Metaspace       used 133444K, capacity 137428K, committed 137676K, reserved 1169408K
  class space    used 16343K, capacity 17864K, committed 17868K, reserved 1048576K
}
Event: 19421.264 GC heap before
{Heap before GC invocations=87 (full 0):
 garbage-first heap   total 378880K, used 279868K [0x0000000080000000, 0x0000000100000000)
  region size 1024K, 132 young (135168K), 9 survivors (9216K)
 Metaspace       used 133560K, capacity 137574K, committed 137804K, reserved 1169408K
  class space    used 16346K, capacity 17869K, committed 17996K, reserved 1048576K
}
Event: 19421.286 GC heap after
{Heap after GC invocations=88 (full 0):
 garbage-first heap   total 378880K, used 168829K [0x0000000080000000, 0x0000000100000000)
  region size 1024K, 17 young (17408K), 17 survivors (17408K)
 Metaspace       used 133560K, capacity 137574K, committed 137804K, reserved 1169408K
  class space    used 16346K, capacity 17869K, committed 17996K, reserved 1048576K
}
Event: 19421.654 GC heap before
{Heap before GC invocations=89 (full 0):
 garbage-first heap   total 378880K, used 288637K [0x0000000080000000, 0x0000000100000000)
  region size 1024K, 135 young (138240K), 17 survivors (17408K)
 Metaspace       used 133673K, capacity 137707K, committed 138060K, reserved 1169408K
  class space    used 16349K, capacity 17869K, committed 17996K, reserved 1048576K
}

