# JRE version: OpenJDK Runtime Environment (11.0.10) (build 11.0.10+0-b96-7249189)
# Java VM: OpenJDK 64-Bit Server VM (11.0.10+0-b96-7249189, mixed mode, tiered, compressed oops, g1 gc, windows-amd64)
Heap:
 garbage-first heap   total 688128K, used 226958K [0x0000000080000000, 0x0000000100000000)
  region size 1024K, 28 young (28672K), 28 survivors (28672K)
 Metaspace       used 99907K, capacity 102702K, committed 102988K, reserved 1138688K
  class space    used 12909K, capacity 13955K, committed 14156K, reserved 1048576K
GC Heap History (20 events):
Event: 16.530 GC heap after
{Heap after GC invocations=43 (full 0):
 garbage-first heap   total 448512K, used 187707K [0x0000000080000000, 0x0000000100000000)
  region size 1024K, 1 young (1024K), 1 survivors (1024K)
 Metaspace       used 99055K, capacity 101710K, committed 102220K, reserved 1136640K
  class space    used 12857K, capacity 13872K, committed 14156K, reserved 1048576K
}
Event: 16.745 GC heap before
{Heap before GC invocations=43 (full 0):
 garbage-first heap   total 448512K, used 368955K [0x0000000080000000, 0x0000000100000000)
  region size 1024K, 178 young (182272K), 1 survivors (1024K)
 Metaspace       used 99074K, capacity 101774K, committed 102220K, reserved 1136640K
  class space    used 12857K, capacity 13872K, committed 14156K, reserved 1048576K
}
Event: 16.751 GC heap after
{Heap after GC invocations=44 (full 0):
 garbage-first heap   total 448512K, used 191602K [0x0000000080000000, 0x0000000100000000)
  region size 1024K, 5 young (5120K), 5 survivors (5120K)
 Metaspace       used 99074K, capacity 101774K, committed 102220K, reserved 1136640K
  class space    used 12857K, capacity 13872K, committed 14156K, reserved 1048576K
}
Event: 16.949 GC heap before
{Heap before GC invocations=44 (full 0):
 garbage-first heap   total 448512K, used 373874K [0x0000000080000000, 0x0000000100000000)
  region size 1024K, 183 young (187392K), 5 survivors (5120K)
 Metaspace       used 99086K, capacity 101775K, committed 102220K, reserved 1136640K
  class space    used 12857K, capacity 13872K, committed 14156K, reserved 1048576K
}
Event: 16.956 GC heap after
{Heap after GC invocations=45 (full 0):
 garbage-first heap   total 448512K, used 194415K [0x0000000080000000, 0x0000000100000000)
  region size 1024K, 8 young (8192K), 8 survivors (8192K)
 Metaspace       used 99086K, capacity 101775K, committed 102220K, reserved 1136640K
  class space    used 12857K, capacity 13872K, committed 14156K, reserved 1048576K
}
Event: 17.153 GC heap before
{Heap before GC invocations=45 (full 0):
 garbage-first heap   total 448512K, used 378735K [0x0000000080000000, 0x0000000100000000)
  region size 1024K, 188 young (192512K), 8 survivors (8192K)
 Metaspace       used 99099K, capacity 101778K, committed 102220K, reserved 1136640K
  class space    used 12857K, capacity 13873K, committed 14156K, reserved 1048576K
}
Event: 17.163 GC heap after
{Heap after GC invocations=46 (full 0):
 garbage-first heap   total 448512K, used 198316K [0x0000000080000000, 0x0000000100000000)
  region size 1024K, 12 young (12288K), 12 survivors (12288K)
 Metaspace       used 99099K, capacity 101778K, committed 102220K, reserved 1136640K
  class space    used 12857K, capacity 13873K, committed 14156K, reserved 1048576K
}
Event: 17.373 GC heap before
{Heap before GC invocations=46 (full 0):
 garbage-first heap   total 448512K, used 382636K [0x0000000080000000, 0x0000000100000000)
  region size 1024K, 192 young (196608K), 12 survivors (12288K)
 Metaspace       used 99118K, capacity 101788K, committed 102220K, reserved 1136640K
  class space    used 12859K, capacity 13877K, committed 14156K, reserved 1048576K
}
Event: 17.385 GC heap after
{Heap after GC invocations=47 (full 0):
 garbage-first heap   total 448512K, used 200696K [0x0000000080000000, 0x0000000100000000)
  region size 1024K, 14 young (14336K), 14 survivors (14336K)
 Metaspace       used 99118K, capacity 101788K, committed 102220K, reserved 1136640K
  class space    used 12859K, capacity 13877K, committed 14156K, reserved 1048576K
}
Event: 17.590 GC heap before
{Heap before GC invocations=47 (full 0):
 garbage-first heap   total 448512K, used 386040K [0x0000000080000000, 0x0000000100000000)
  region size 1024K, 195 young (199680K), 14 survivors (14336K)
 Metaspace       used 99124K, capacity 101791K, committed 102220K, reserved 1136640K
  class space    used 12859K, capacity 13877K, committed 14156K, reserved 1048576K
}
Event: 17.604 GC heap after
{Heap after GC invocations=48 (full 0):
 garbage-first heap   total 448512K, used 204173K [0x0000000080000000, 0x0000000100000000)
  region size 1024K, 17 young (17408K), 17 survivors (17408K)
 Metaspace       used 99124K, capacity 101791K, committed 102220K, reserved 1136640K
  class space    used 12859K, capacity 13877K, committed 14156K, reserved 1048576K
}
Event: 17.813 GC heap before
{Heap before GC invocations=48 (full 0):
 garbage-first heap   total 448512K, used 385421K [0x0000000080000000, 0x0000000100000000)
  region size 1024K, 194 young (198656K), 17 survivors (17408K)
 Metaspace       used 99167K, capacity 101867K, committed 102220K, reserved 1136640K
  class space    used 12861K, capacity 13880K, committed 14156K, reserved 1048576K
}
Event: 17.829 GC heap after
{Heap after GC invocations=49 (full 0):
 garbage-first heap   total 544768K, used 206762K [0x0000000080000000, 0x0000000100000000)
  region size 1024K, 16 young (16384K), 16 survivors (16384K)
 Metaspace       used 99167K, capacity 101867K, committed 102220K, reserved 1136640K
  class space    used 12861K, capacity 13880K, committed 14156K, reserved 1048576K
}
Event: 18.130 GC heap before
{Heap before GC invocations=49 (full 0):
 garbage-first heap   total 544768K, used 461738K [0x0000000080000000, 0x0000000100000000)
  region size 1024K, 265 young (271360K), 16 survivors (16384K)
 Metaspace       used 99175K, capacity 101870K, committed 102220K, reserved 1136640K
  class space    used 12862K, capacity 13881K, committed 14156K, reserved 1048576K
}
Event: 18.147 GC heap after
{Heap after GC invocations=50 (full 0):
 garbage-first heap   total 544768K, used 211510K [0x0000000080000000, 0x0000000100000000)
  region size 1024K, 21 young (21504K), 21 survivors (21504K)
 Metaspace       used 99175K, capacity 101870K, committed 102220K, reserved 1136640K
  class space    used 12862K, capacity 13881K, committed 14156K, reserved 1048576K
}
Event: 18.433 GC heap before
{Heap before GC invocations=50 (full 0):
 garbage-first heap   total 544768K, used 466486K [0x0000000080000000, 0x0000000100000000)
  region size 1024K, 270 young (276480K), 21 survivors (21504K)
 Metaspace       used 99187K, capacity 101870K, committed 102220K, reserved 1136640K
  class space    used 12862K, capacity 13881K, committed 14156K, reserved 1048576K
}
Event: 18.448 GC heap after
{Heap after GC invocations=51 (full 0):
 garbage-first heap   total 544768K, used 211814K [0x0000000080000000, 0x0000000100000000)
  region size 1024K, 18 young (18432K), 18 survivors (18432K)
 Metaspace       used 99187K, capacity 101870K, committed 102220K, reserved 1136640K
  class space    used 12862K, capacity 13881K, committed 14156K, reserved 1048576K
}
Event: 18.763 GC heap before
{Heap before GC invocations=51 (full 0):
 garbage-first heap   total 544768K, used 469862K [0x0000000080000000, 0x0000000100000000)
  region size 1024K, 270 young (276480K), 18 survivors (18432K)
 Metaspace       used 99293K, capacity 101951K, committed 102476K, reserved 1138688K
  class space    used 12862K, capacity 13881K, committed 14156K, reserved 1048576K
}
Event: 18.779 GC heap after
{Heap after GC invocations=52 (full 0):
 garbage-first heap   total 544768K, used 215459K [0x0000000080000000, 0x0000000100000000)
  region size 1024K, 21 young (21504K), 21 survivors (21504K)
 Metaspace       used 99293K, capacity 101951K, committed 102476K, reserved 1138688K
  class space    used 12862K, capacity 13881K, committed 14156K, reserved 1048576K
}
Event: 19.199 GC heap before
{Heap before GC invocations=52 (full 0):
 garbage-first heap   total 544768K, used 468387K [0x0000000080000000, 0x0000000100000000)
  region size 1024K, 267 young (273408K), 21 survivors (21504K)
 Metaspace       used 99907K, capacity 102702K, committed 102988K, reserved 1138688K
  class space    used 12909K, capacity 13955K, committed 14156K, reserved 1048576K
}

