# JRE version: OpenJDK Runtime Environment (11.0.10) (build 11.0.10+0-b96-7249189)
# Java VM: OpenJDK 64-Bit Server VM (11.0.10+0-b96-7249189, mixed mode, tiered, compressed oops, g1 gc, windows-amd64)
Heap:
 garbage-first heap   total 315392K, used 99269K [0x0000000080000000, 0x0000000100000000)
  region size 1024K, 9 young (9216K), 2 survivors (2048K)
 Metaspace       used 104289K, capacity 107439K, committed 107596K, reserved 1142784K
  class space    used 13028K, capacity 14100K, committed 14208K, reserved 1048576K
GC Heap History (20 events):
Event: 328.849 GC heap before
{Heap before GC invocations=42 (full 0):
 garbage-first heap   total 315392K, used 135032K [0x0000000080000000, 0x0000000100000000)
  region size 1024K, 15 young (15360K), 2 survivors (2048K)
 Metaspace       used 102555K, capacity 105362K, committed 105548K, reserved 1140736K
  class space    used 12943K, capacity 13919K, committed 13952K, reserved 1048576K
}
Event: 328.855 GC heap after
{Heap after GC invocations=43 (full 0):
 garbage-first heap   total 315392K, used 110597K [0x0000000080000000, 0x0000000100000000)
  region size 1024K, 2 young (2048K), 2 survivors (2048K)
 Metaspace       used 102555K, capacity 105362K, committed 105548K, reserved 1140736K
  class space    used 12943K, capacity 13919K, committed 13952K, reserved 1048576K
}
Event: 329.464 GC heap before
{Heap before GC invocations=43 (full 0):
 garbage-first heap   total 315392K, used 229381K [0x0000000080000000, 0x0000000100000000)
  region size 1024K, 119 young (121856K), 2 survivors (2048K)
 Metaspace       used 102733K, capacity 105511K, committed 105548K, reserved 1140736K
  class space    used 12946K, capacity 13922K, committed 13952K, reserved 1048576K
}
Event: 329.469 GC heap after
{Heap after GC invocations=44 (full 0):
 garbage-first heap   total 315392K, used 113939K [0x0000000080000000, 0x0000000100000000)
  region size 1024K, 5 young (5120K), 5 survivors (5120K)
 Metaspace       used 102733K, capacity 105511K, committed 105548K, reserved 1140736K
  class space    used 12946K, capacity 13922K, committed 13952K, reserved 1048576K
}
Event: 407.923 GC heap before
{Heap before GC invocations=45 (full 0):
 garbage-first heap   total 315392K, used 234771K [0x0000000080000000, 0x0000000100000000)
  region size 1024K, 126 young (129024K), 5 survivors (5120K)
 Metaspace       used 103251K, capacity 106170K, committed 106444K, reserved 1142784K
  class space    used 12959K, capacity 13975K, committed 14080K, reserved 1048576K
}
Event: 407.933 GC heap after
{Heap after GC invocations=46 (full 0):
 garbage-first heap   total 315392K, used 117061K [0x0000000080000000, 0x0000000100000000)
  region size 1024K, 10 young (10240K), 10 survivors (10240K)
 Metaspace       used 103251K, capacity 106170K, committed 106444K, reserved 1142784K
  class space    used 12959K, capacity 13975K, committed 14080K, reserved 1048576K
}
Event: 407.954 GC heap before
{Heap before GC invocations=46 (full 0):
 garbage-first heap   total 315392K, used 121157K [0x0000000080000000, 0x0000000100000000)
  region size 1024K, 15 young (15360K), 10 survivors (10240K)
 Metaspace       used 103251K, capacity 106170K, committed 106444K, reserved 1142784K
  class space    used 12959K, capacity 13975K, committed 14080K, reserved 1048576K
}
Event: 407.965 GC heap after
{Heap after GC invocations=47 (full 0):
 garbage-first heap   total 315392K, used 100427K [0x0000000080000000, 0x0000000100000000)
  region size 1024K, 2 young (2048K), 2 survivors (2048K)
 Metaspace       used 103251K, capacity 106170K, committed 106444K, reserved 1142784K
  class space    used 12959K, capacity 13975K, committed 14080K, reserved 1048576K
}
Event: 410.187 GC heap before
{Heap before GC invocations=47 (full 0):
 garbage-first heap   total 315392K, used 236619K [0x0000000080000000, 0x0000000100000000)
  region size 1024K, 136 young (139264K), 2 survivors (2048K)
 Metaspace       used 103350K, capacity 106279K, committed 106444K, reserved 1142784K
  class space    used 12967K, capacity 13989K, committed 14080K, reserved 1048576K
}
Event: 410.198 GC heap after
{Heap after GC invocations=48 (full 0):
 garbage-first heap   total 315392K, used 106556K [0x0000000080000000, 0x0000000100000000)
  region size 1024K, 8 young (8192K), 8 survivors (8192K)
 Metaspace       used 103350K, capacity 106279K, committed 106444K, reserved 1142784K
  class space    used 12967K, capacity 13989K, committed 14080K, reserved 1048576K
}
Event: 550.959 GC heap before
{Heap before GC invocations=49 (full 0):
 garbage-first heap   total 315392K, used 241724K [0x0000000080000000, 0x0000000100000000)
  region size 1024K, 141 young (144384K), 8 survivors (8192K)
 Metaspace       used 103752K, capacity 106761K, committed 106956K, reserved 1142784K
  class space    used 12986K, capacity 14025K, committed 14080K, reserved 1048576K
}
Event: 550.968 GC heap after
{Heap after GC invocations=50 (full 0):
 garbage-first heap   total 315392K, used 106629K [0x0000000080000000, 0x0000000100000000)
  region size 1024K, 8 young (8192K), 8 survivors (8192K)
 Metaspace       used 103752K, capacity 106761K, committed 106956K, reserved 1142784K
  class space    used 12986K, capacity 14025K, committed 14080K, reserved 1048576K
}
Event: 550.998 GC heap before
{Heap before GC invocations=50 (full 0):
 garbage-first heap   total 315392K, used 112773K [0x0000000080000000, 0x0000000100000000)
  region size 1024K, 15 young (15360K), 8 survivors (8192K)
 Metaspace       used 103752K, capacity 106761K, committed 106956K, reserved 1142784K
  class space    used 12986K, capacity 14025K, committed 14080K, reserved 1048576K
}
Event: 551.007 GC heap after
{Heap after GC invocations=51 (full 0):
 garbage-first heap   total 315392K, used 99898K [0x0000000080000000, 0x0000000100000000)
  region size 1024K, 1 young (1024K), 1 survivors (1024K)
 Metaspace       used 103752K, capacity 106761K, committed 106956K, reserved 1142784K
  class space    used 12986K, capacity 14025K, committed 14080K, reserved 1048576K
}
Event: 597.397 GC heap before
{Heap before GC invocations=51 (full 0):
 garbage-first heap   total 315392K, used 247354K [0x0000000080000000, 0x0000000100000000)
  region size 1024K, 146 young (149504K), 1 survivors (1024K)
 Metaspace       used 104025K, capacity 107035K, committed 107212K, reserved 1142784K
  class space    used 12997K, capacity 14046K, committed 14080K, reserved 1048576K
}
Event: 597.407 GC heap after
{Heap after GC invocations=52 (full 0):
 garbage-first heap   total 315392K, used 105159K [0x0000000080000000, 0x0000000100000000)
  region size 1024K, 7 young (7168K), 7 survivors (7168K)
 Metaspace       used 104025K, capacity 107035K, committed 107212K, reserved 1142784K
  class space    used 12997K, capacity 14046K, committed 14080K, reserved 1048576K
}
Event: 605.343 GC heap before
{Heap before GC invocations=53 (full 0):
 garbage-first heap   total 315392K, used 249543K [0x0000000080000000, 0x0000000100000000)
  region size 1024K, 149 young (152576K), 7 survivors (7168K)
 Metaspace       used 104165K, capacity 107191K, committed 107212K, reserved 1142784K
  class space    used 13014K, capacity 14075K, committed 14080K, reserved 1048576K
}
Event: 605.348 GC heap after
{Heap after GC invocations=54 (full 0):
 garbage-first heap   total 315392K, used 101047K [0x0000000080000000, 0x0000000100000000)
  region size 1024K, 3 young (3072K), 3 survivors (3072K)
 Metaspace       used 104165K, capacity 107191K, committed 107212K, reserved 1142784K
  class space    used 13014K, capacity 14075K, committed 14080K, reserved 1048576K
}
Event: 605.480 GC heap before
{Heap before GC invocations=54 (full 0):
 garbage-first heap   total 315392K, used 112311K [0x0000000080000000, 0x0000000100000000)
  region size 1024K, 15 young (15360K), 3 survivors (3072K)
 Metaspace       used 104218K, capacity 107251K, committed 107596K, reserved 1142784K
  class space    used 13022K, capacity 14089K, committed 14208K, reserved 1048576K
}
Event: 605.486 GC heap after
{Heap after GC invocations=55 (full 0):
 garbage-first heap   total 315392K, used 93125K [0x0000000080000000, 0x0000000100000000)
  region size 1024K, 2 young (2048K), 2 survivors (2048K)
 Metaspace       used 104218K, capacity 107251K, committed 107596K, reserved 1142784K
  class space    used 13022K, capacity 14089K, committed 14208K, reserved 1048576K
}

