# JRE version: OpenJDK Runtime Environment (11.0.10) (build 11.0.10+0-b96-7249189)
# Java VM: OpenJDK 64-Bit Server VM (11.0.10+0-b96-7249189, mixed mode, tiered, compressed oops, g1 gc, windows-amd64)
Heap:
 garbage-first heap   total 621568K, used 230095K [0x0000000080000000, 0x0000000100000000)
  region size 1024K, 19 young (19456K), 19 survivors (19456K)
 Metaspace       used 116762K, capacity 119945K, committed 120192K, reserved 1153024K
  class space    used 14533K, capacity 15725K, committed 15744K, reserved 1048576K
GC Heap History (20 events):
Event: 24.011 GC heap before
{Heap before GC invocations=42 (full 0):
 garbage-first heap   total 419840K, used 341899K [0x0000000080000000, 0x0000000100000000)
  region size 1024K, 154 young (157696K), 9 survivors (9216K)
 Metaspace       used 115990K, capacity 119074K, committed 119424K, reserved 1153024K
  class space    used 14470K, capacity 15623K, committed 15744K, reserved 1048576K
}
Event: 24.021 GC heap after
{Heap after GC invocations=43 (full 0):
 garbage-first heap   total 419840K, used 196690K [0x0000000080000000, 0x0000000100000000)
  region size 1024K, 12 young (12288K), 12 survivors (12288K)
 Metaspace       used 115990K, capacity 119074K, committed 119424K, reserved 1153024K
  class space    used 14470K, capacity 15623K, committed 15744K, reserved 1048576K
}
Event: 24.228 GC heap before
{Heap before GC invocations=43 (full 0):
 garbage-first heap   total 419840K, used 345170K [0x0000000080000000, 0x0000000100000000)
  region size 1024K, 157 young (160768K), 12 survivors (12288K)
 Metaspace       used 116064K, capacity 119146K, committed 119424K, reserved 1153024K
  class space    used 14470K, capacity 15623K, committed 15744K, reserved 1048576K
}
Event: 24.241 GC heap after
{Heap after GC invocations=44 (full 0):
 garbage-first heap   total 419840K, used 202146K [0x0000000080000000, 0x0000000100000000)
  region size 1024K, 15 young (15360K), 15 survivors (15360K)
 Metaspace       used 116064K, capacity 119146K, committed 119424K, reserved 1153024K
  class space    used 14470K, capacity 15623K, committed 15744K, reserved 1048576K
}
Event: 24.420 GC heap before
{Heap before GC invocations=44 (full 0):
 garbage-first heap   total 419840K, used 348578K [0x0000000080000000, 0x0000000100000000)
  region size 1024K, 158 young (161792K), 15 survivors (15360K)
 Metaspace       used 116094K, capacity 119152K, committed 119424K, reserved 1153024K
  class space    used 14470K, capacity 15624K, committed 15744K, reserved 1048576K
}
Event: 24.431 GC heap after
{Heap after GC invocations=45 (full 0):
 garbage-first heap   total 487424K, used 202549K [0x0000000080000000, 0x0000000100000000)
  region size 1024K, 11 young (11264K), 11 survivors (11264K)
 Metaspace       used 116094K, capacity 119152K, committed 119424K, reserved 1153024K
  class space    used 14470K, capacity 15624K, committed 15744K, reserved 1048576K
}
Event: 24.666 GC heap before
{Heap before GC invocations=45 (full 0):
 garbage-first heap   total 487424K, used 394037K [0x0000000080000000, 0x0000000100000000)
  region size 1024K, 198 young (202752K), 11 survivors (11264K)
 Metaspace       used 116158K, capacity 119219K, committed 119424K, reserved 1153024K
  class space    used 14470K, capacity 15624K, committed 15744K, reserved 1048576K
}
Event: 24.676 GC heap after
{Heap after GC invocations=46 (full 0):
 garbage-first heap   total 487424K, used 206430K [0x0000000080000000, 0x0000000100000000)
  region size 1024K, 15 young (15360K), 15 survivors (15360K)
 Metaspace       used 116158K, capacity 119219K, committed 119424K, reserved 1153024K
  class space    used 14470K, capacity 15624K, committed 15744K, reserved 1048576K
}
Event: 24.912 GC heap before
{Heap before GC invocations=46 (full 0):
 garbage-first heap   total 487424K, used 404062K [0x0000000080000000, 0x0000000100000000)
  region size 1024K, 209 young (214016K), 15 survivors (15360K)
 Metaspace       used 116173K, capacity 119219K, committed 119424K, reserved 1153024K
  class space    used 14470K, capacity 15624K, committed 15744K, reserved 1048576K
}
Event: 24.922 GC heap after
{Heap after GC invocations=47 (full 0):
 garbage-first heap   total 487424K, used 209191K [0x0000000080000000, 0x0000000100000000)
  region size 1024K, 16 young (16384K), 16 survivors (16384K)
 Metaspace       used 116173K, capacity 119219K, committed 119424K, reserved 1153024K
  class space    used 14470K, capacity 15624K, committed 15744K, reserved 1048576K
}
Event: 25.187 GC heap before
{Heap before GC invocations=47 (full 0):
 garbage-first heap   total 487424K, used 413991K [0x0000000080000000, 0x0000000100000000)
  region size 1024K, 216 young (221184K), 16 survivors (16384K)
 Metaspace       used 116330K, capacity 119459K, committed 119680K, reserved 1153024K
  class space    used 14507K, capacity 15686K, committed 15744K, reserved 1048576K
}
Event: 25.199 GC heap after
{Heap after GC invocations=48 (full 0):
 garbage-first heap   total 487424K, used 213019K [0x0000000080000000, 0x0000000100000000)
  region size 1024K, 14 young (14336K), 14 survivors (14336K)
 Metaspace       used 116330K, capacity 119459K, committed 119680K, reserved 1153024K
  class space    used 14507K, capacity 15686K, committed 15744K, reserved 1048576K
}
Event: 25.473 GC heap before
{Heap before GC invocations=48 (full 0):
 garbage-first heap   total 487424K, used 415771K [0x0000000080000000, 0x0000000100000000)
  region size 1024K, 212 young (217088K), 14 survivors (14336K)
 Metaspace       used 116567K, capacity 119715K, committed 119936K, reserved 1153024K
  class space    used 14530K, capacity 15723K, committed 15744K, reserved 1048576K
}
Event: 25.489 GC heap after
{Heap after GC invocations=49 (full 0):
 garbage-first heap   total 551936K, used 218442K [0x0000000080000000, 0x0000000100000000)
  region size 1024K, 19 young (19456K), 19 survivors (19456K)
 Metaspace       used 116567K, capacity 119715K, committed 119936K, reserved 1153024K
  class space    used 14530K, capacity 15723K, committed 15744K, reserved 1048576K
}
Event: 25.817 GC heap before
{Heap before GC invocations=49 (full 0):
 garbage-first heap   total 551936K, used 449866K [0x0000000080000000, 0x0000000100000000)
  region size 1024K, 245 young (250880K), 19 survivors (19456K)
 Metaspace       used 116595K, capacity 119719K, committed 119936K, reserved 1153024K
  class space    used 14531K, capacity 15724K, committed 15744K, reserved 1048576K
}
Event: 25.832 GC heap after
{Heap after GC invocations=50 (full 0):
 garbage-first heap   total 551936K, used 225633K [0x0000000080000000, 0x0000000100000000)
  region size 1024K, 21 young (21504K), 21 survivors (21504K)
 Metaspace       used 116595K, capacity 119719K, committed 119936K, reserved 1153024K
  class space    used 14531K, capacity 15724K, committed 15744K, reserved 1048576K
}
Event: 26.125 GC heap before
{Heap before GC invocations=50 (full 0):
 garbage-first heap   total 551936K, used 466273K [0x0000000080000000, 0x0000000100000000)
  region size 1024K, 256 young (262144K), 21 survivors (21504K)
 Metaspace       used 116649K, capacity 119794K, committed 119936K, reserved 1153024K
  class space    used 14531K, capacity 15724K, committed 15744K, reserved 1048576K
}
Event: 26.137 GC heap after
{Heap after GC invocations=51 (full 0):
 garbage-first heap   total 551936K, used 223536K [0x0000000080000000, 0x0000000100000000)
  region size 1024K, 16 young (16384K), 16 survivors (16384K)
 Metaspace       used 116649K, capacity 119794K, committed 119936K, reserved 1153024K
  class space    used 14531K, capacity 15724K, committed 15744K, reserved 1048576K
}
Event: 26.444 GC heap before
{Heap before GC invocations=51 (full 0):
 garbage-first heap   total 551936K, used 473392K [0x0000000080000000, 0x0000000100000000)
  region size 1024K, 260 young (266240K), 16 survivors (16384K)
 Metaspace       used 116699K, capacity 119859K, committed 119936K, reserved 1153024K
  class space    used 14531K, capacity 15724K, committed 15744K, reserved 1048576K
}
Event: 26.459 GC heap after
{Heap after GC invocations=52 (full 0):
 garbage-first heap   total 551936K, used 228189K [0x0000000080000000, 0x0000000100000000)
  region size 1024K, 20 young (20480K), 20 survivors (20480K)
 Metaspace       used 116699K, capacity 119859K, committed 119936K, reserved 1153024K
  class space    used 14531K, capacity 15724K, committed 15744K, reserved 1048576K
}

